[0.242s] DEBUG:colcon:Command line arguments: ['/usr/bin/colcon', 'build', '--packages-select', 'aruco_pose_publisher', '--cmake-args', '-DCMAKE_BUILD_TYPE=Release']
[0.242s] DEBUG:colcon:Parsed command line arguments: Namespace(log_base=None, log_level=None, verb_name='build', build_base='build', install_base='install', merge_install=False, symlink_install=False, test_result_base=None, continue_on_error=False, executor='parallel', parallel_workers=16, event_handlers=None, ignore_user_meta=False, metas=['./colcon.meta'], base_paths=['.'], packages_ignore=None, packages_ignore_regex=None, paths=None, packages_up_to=None, packages_up_to_regex=None, packages_above=None, packages_above_and_dependencies=None, packages_above_depth=None, packages_select_by_dep=None, packages_skip_by_dep=None, packages_skip_up_to=None, packages_select_build_failed=False, packages_skip_build_finished=False, packages_select_test_failures=False, packages_skip_test_passed=False, packages_select=['aruco_pose_publisher'], packages_skip=None, packages_select_regex=None, packages_skip_regex=None, packages_start=None, packages_end=None, allow_overriding=[], cmake_args=['-DCMAKE_BUILD_TYPE=Release'], cmake_target=None, cmake_target_skip_unavailable=False, cmake_clean_cache=False, cmake_clean_first=False, cmake_force_configure=False, ament_cmake_args=None, catkin_cmake_args=None, catkin_skip_building_tests=False, verb_parser=<colcon_defaults.argument_parser.defaults.DefaultArgumentsDecorator object at 0x753742f4ca60>, verb_extension=<colcon_core.verb.build.BuildVerb object at 0x753742f4c460>, main=<bound method BuildVerb.main of <colcon_core.verb.build.BuildVerb object at 0x753742f4c460>>)
[0.518s] Level 1:colcon.colcon_core.package_discovery:discover_packages(colcon_meta) check parameters
[0.518s] Level 1:colcon.colcon_core.package_discovery:discover_packages(recursive) check parameters
[0.518s] Level 1:colcon.colcon_core.package_discovery:discover_packages(ignore) check parameters
[0.518s] Level 1:colcon.colcon_core.package_discovery:discover_packages(path) check parameters
[0.518s] Level 1:colcon.colcon_core.package_discovery:discover_packages(colcon_meta) discover
[0.518s] Level 1:colcon.colcon_core.package_discovery:discover_packages(recursive) discover
[0.518s] INFO:colcon.colcon_core.package_discovery:Crawling recursively for packages in '/home/ryan/Cooperative_Robotics'
[0.519s] Level 1:colcon.colcon_core.package_identification:_identify(.) by extensions ['ignore', 'ignore_ament_install']
[0.519s] Level 1:colcon.colcon_core.package_identification:_identify(.) by extension 'ignore'
[0.519s] Level 1:colcon.colcon_core.package_identification:_identify(.) by extension 'ignore_ament_install'
[0.519s] Level 1:colcon.colcon_core.package_identification:_identify(.) by extensions ['colcon_pkg']
[0.519s] Level 1:colcon.colcon_core.package_identification:_identify(.) by extension 'colcon_pkg'
[0.519s] Level 1:colcon.colcon_core.package_identification:_identify(.) by extensions ['colcon_meta']
[0.519s] Level 1:colcon.colcon_core.package_identification:_identify(.) by extension 'colcon_meta'
[0.519s] Level 1:colcon.colcon_core.package_identification:_identify(.) by extensions ['ros']
[0.519s] Level 1:colcon.colcon_core.package_identification:_identify(.) by extension 'ros'
[0.537s] Level 1:colcon.colcon_core.package_identification:_identify(.) by extensions ['cmake', 'python']
[0.538s] Level 1:colcon.colcon_core.package_identification:_identify(.) by extension 'cmake'
[0.538s] Level 1:colcon.colcon_core.package_identification:_identify(.) by extension 'python'
[0.538s] Level 1:colcon.colcon_core.package_identification:_identify(.) by extensions ['python_setup_py']
[0.538s] Level 1:colcon.colcon_core.package_identification:_identify(.) by extension 'python_setup_py'
[0.538s] Level 1:colcon.colcon_core.package_identification:_identify(build) by extensions ['ignore', 'ignore_ament_install']
[0.538s] Level 1:colcon.colcon_core.package_identification:_identify(build) by extension 'ignore'
[0.538s] Level 1:colcon.colcon_core.package_identification:_identify(build) ignored
[0.538s] Level 1:colcon.colcon_core.package_identification:_identify(install) by extensions ['ignore', 'ignore_ament_install']
[0.539s] Level 1:colcon.colcon_core.package_identification:_identify(install) by extension 'ignore'
[0.539s] Level 1:colcon.colcon_core.package_identification:_identify(install) ignored
[0.539s] Level 1:colcon.colcon_core.package_identification:_identify(log) by extensions ['ignore', 'ignore_ament_install']
[0.539s] Level 1:colcon.colcon_core.package_identification:_identify(log) by extension 'ignore'
[0.539s] Level 1:colcon.colcon_core.package_identification:_identify(log) ignored
[0.539s] Level 1:colcon.colcon_core.package_identification:_identify(src) by extensions ['ignore', 'ignore_ament_install']
[0.539s] Level 1:colcon.colcon_core.package_identification:_identify(src) by extension 'ignore'
[0.539s] Level 1:colcon.colcon_core.package_identification:_identify(src) by extension 'ignore_ament_install'
[0.539s] Level 1:colcon.colcon_core.package_identification:_identify(src) by extensions ['colcon_pkg']
[0.539s] Level 1:colcon.colcon_core.package_identification:_identify(src) by extension 'colcon_pkg'
[0.539s] Level 1:colcon.colcon_core.package_identification:_identify(src) by extensions ['colcon_meta']
[0.539s] Level 1:colcon.colcon_core.package_identification:_identify(src) by extension 'colcon_meta'
[0.539s] Level 1:colcon.colcon_core.package_identification:_identify(src) by extensions ['ros']
[0.539s] Level 1:colcon.colcon_core.package_identification:_identify(src) by extension 'ros'
[0.539s] Level 1:colcon.colcon_core.package_identification:_identify(src) by extensions ['cmake', 'python']
[0.539s] Level 1:colcon.colcon_core.package_identification:_identify(src) by extension 'cmake'
[0.540s] Level 1:colcon.colcon_core.package_identification:_identify(src) by extension 'python'
[0.540s] Level 1:colcon.colcon_core.package_identification:_identify(src) by extensions ['python_setup_py']
[0.540s] Level 1:colcon.colcon_core.package_identification:_identify(src) by extension 'python_setup_py'
[0.540s] Level 1:colcon.colcon_core.package_identification:_identify(src/aruco_pose_publisher) by extensions ['ignore', 'ignore_ament_install']
[0.540s] Level 1:colcon.colcon_core.package_identification:_identify(src/aruco_pose_publisher) by extension 'ignore'
[0.540s] Level 1:colcon.colcon_core.package_identification:_identify(src/aruco_pose_publisher) by extension 'ignore_ament_install'
[0.540s] Level 1:colcon.colcon_core.package_identification:_identify(src/aruco_pose_publisher) by extensions ['colcon_pkg']
[0.540s] Level 1:colcon.colcon_core.package_identification:_identify(src/aruco_pose_publisher) by extension 'colcon_pkg'
[0.540s] Level 1:colcon.colcon_core.package_identification:_identify(src/aruco_pose_publisher) by extensions ['colcon_meta']
[0.540s] Level 1:colcon.colcon_core.package_identification:_identify(src/aruco_pose_publisher) by extension 'colcon_meta'
[0.540s] Level 1:colcon.colcon_core.package_identification:_identify(src/aruco_pose_publisher) by extensions ['ros']
[0.540s] Level 1:colcon.colcon_core.package_identification:_identify(src/aruco_pose_publisher) by extension 'ros'
[0.545s] DEBUG:colcon.colcon_core.package_identification:Package 'src/aruco_pose_publisher' with type 'ros.ament_cmake' and name 'aruco_pose_publisher'
[0.545s] Level 1:colcon.colcon_core.package_identification:_identify(src/aruco_tracking) by extensions ['ignore', 'ignore_ament_install']
[0.545s] Level 1:colcon.colcon_core.package_identification:_identify(src/aruco_tracking) by extension 'ignore'
[0.546s] Level 1:colcon.colcon_core.package_identification:_identify(src/aruco_tracking) by extension 'ignore_ament_install'
[0.546s] Level 1:colcon.colcon_core.package_identification:_identify(src/aruco_tracking) by extensions ['colcon_pkg']
[0.546s] Level 1:colcon.colcon_core.package_identification:_identify(src/aruco_tracking) by extension 'colcon_pkg'
[0.546s] Level 1:colcon.colcon_core.package_identification:_identify(src/aruco_tracking) by extensions ['colcon_meta']
[0.546s] Level 1:colcon.colcon_core.package_identification:_identify(src/aruco_tracking) by extension 'colcon_meta'
[0.546s] Level 1:colcon.colcon_core.package_identification:_identify(src/aruco_tracking) by extensions ['ros']
[0.546s] Level 1:colcon.colcon_core.package_identification:_identify(src/aruco_tracking) by extension 'ros'
[0.547s] DEBUG:colcon.colcon_core.package_identification:Package 'src/aruco_tracking' with type 'ros.ament_python' and name 'aruco_tracking'
[0.547s] Level 1:colcon.colcon_core.package_discovery:discover_packages(recursive) using defaults
[0.547s] Level 1:colcon.colcon_core.package_discovery:discover_packages(ignore) discover
[0.547s] Level 1:colcon.colcon_core.package_discovery:discover_packages(ignore) using defaults
[0.547s] Level 1:colcon.colcon_core.package_discovery:discover_packages(path) discover
[0.547s] Level 1:colcon.colcon_core.package_discovery:discover_packages(path) using defaults
[0.602s] INFO:colcon.colcon_core.package_selection:Skipping not selected package 'aruco_tracking' in 'src/aruco_tracking'
[0.603s] Level 1:colcon.colcon_core.package_discovery:discover_packages(prefix_path) check parameters
[0.603s] Level 1:colcon.colcon_core.package_discovery:discover_packages(prefix_path) discover
[0.606s] WARNING:colcon.colcon_ros.prefix_path.ament:The path '/external_packages/px4_msgs/px4_msgs' in the environment variable AMENT_PREFIX_PATH doesn't contain any 'local_setup.*' files.
[0.607s] DEBUG:colcon.colcon_installed_package_information.package_discovery:Found 1 installed packages in /opt/ros2-csi-msgs/install
[0.609s] DEBUG:colcon.colcon_installed_package_information.package_discovery:Found 320 installed packages in /opt/ros/humble
[0.612s] Level 1:colcon.colcon_core.package_discovery:discover_packages(prefix_path) using defaults
[0.681s] Level 5:colcon.colcon_core.verb:set package 'aruco_pose_publisher' build argument 'cmake_args' from command line to '['-DCMAKE_BUILD_TYPE=Release']'
[0.681s] Level 5:colcon.colcon_core.verb:set package 'aruco_pose_publisher' build argument 'cmake_target' from command line to 'None'
[0.681s] Level 5:colcon.colcon_core.verb:set package 'aruco_pose_publisher' build argument 'cmake_target_skip_unavailable' from command line to 'False'
[0.681s] Level 5:colcon.colcon_core.verb:set package 'aruco_pose_publisher' build argument 'cmake_clean_cache' from command line to 'False'
[0.681s] Level 5:colcon.colcon_core.verb:set package 'aruco_pose_publisher' build argument 'cmake_clean_first' from command line to 'False'
[0.681s] Level 5:colcon.colcon_core.verb:set package 'aruco_pose_publisher' build argument 'cmake_force_configure' from command line to 'False'
[0.681s] Level 5:colcon.colcon_core.verb:set package 'aruco_pose_publisher' build argument 'ament_cmake_args' from command line to 'None'
[0.681s] Level 5:colcon.colcon_core.verb:set package 'aruco_pose_publisher' build argument 'catkin_cmake_args' from command line to 'None'
[0.681s] Level 5:colcon.colcon_core.verb:set package 'aruco_pose_publisher' build argument 'catkin_skip_building_tests' from command line to 'False'
[0.681s] DEBUG:colcon.colcon_core.verb:Building package 'aruco_pose_publisher' with the following arguments: {'ament_cmake_args': None, 'build_base': '/home/ryan/Cooperative_Robotics/build/aruco_pose_publisher', 'catkin_cmake_args': None, 'catkin_skip_building_tests': False, 'cmake_args': ['-DCMAKE_BUILD_TYPE=Release'], 'cmake_clean_cache': False, 'cmake_clean_first': False, 'cmake_force_configure': False, 'cmake_target': None, 'cmake_target_skip_unavailable': False, 'install_base': '/home/ryan/Cooperative_Robotics/install/aruco_pose_publisher', 'merge_install': False, 'path': '/home/ryan/Cooperative_Robotics/src/aruco_pose_publisher', 'symlink_install': False, 'test_result_base': None}
[0.681s] INFO:colcon.colcon_core.executor:Executing jobs using 'parallel' executor
[0.683s] DEBUG:colcon.colcon_parallel_executor.executor.parallel:run_until_complete
[0.683s] INFO:colcon.colcon_ros.task.ament_cmake.build:Building ROS package in '/home/ryan/Cooperative_Robotics/src/aruco_pose_publisher' with build type 'ament_cmake'
[0.684s] INFO:colcon.colcon_cmake.task.cmake.build:Building CMake package in '/home/ryan/Cooperative_Robotics/src/aruco_pose_publisher'
[0.688s] INFO:colcon.colcon_core.plugin_system:Skipping extension 'colcon_core.shell.bat': Not used on non-Windows systems
[0.688s] INFO:colcon.colcon_core.shell:Skip shell extension 'powershell' for command environment: Not usable outside of PowerShell
[0.688s] DEBUG:colcon.colcon_core.shell:Skip shell extension 'dsv' for command environment
[0.690s] DEBUG:colcon.colcon_core.shell:Ignoring prefix path '/external_packages/px4_msgs'
[0.703s] DEBUG:colcon.colcon_core.event_handler.log_command:Invoking command in '/home/ryan/Cooperative_Robotics/build/aruco_pose_publisher': CMAKE_PREFIX_PATH=${CMAKE_PREFIX_PATH}:/opt/ros/humble VIRTUAL_ENV_PROMPT=(.xps-py) /usr/bin/cmake /home/ryan/Cooperative_Robotics/src/aruco_pose_publisher -DCMAKE_BUILD_TYPE=Release -DCMAKE_INSTALL_PREFIX=/home/ryan/Cooperative_Robotics/install/aruco_pose_publisher
[2.707s] DEBUG:colcon.colcon_core.event_handler.log_command:Invoked command in '/home/ryan/Cooperative_Robotics/build/aruco_pose_publisher' returned '0': CMAKE_PREFIX_PATH=${CMAKE_PREFIX_PATH}:/opt/ros/humble VIRTUAL_ENV_PROMPT=(.xps-py) /usr/bin/cmake /home/ryan/Cooperative_Robotics/src/aruco_pose_publisher -DCMAKE_BUILD_TYPE=Release -DCMAKE_INSTALL_PREFIX=/home/ryan/Cooperative_Robotics/install/aruco_pose_publisher
[2.710s] DEBUG:colcon.colcon_core.event_handler.log_command:Invoking command in '/home/ryan/Cooperative_Robotics/build/aruco_pose_publisher': CMAKE_PREFIX_PATH=${CMAKE_PREFIX_PATH}:/opt/ros/humble VIRTUAL_ENV_PROMPT=(.xps-py) /usr/bin/cmake --build /home/ryan/Cooperative_Robotics/build/aruco_pose_publisher -- -j16 -l16
[10.198s] DEBUG:colcon.colcon_core.event_handler.log_command:Invoked command in '/home/ryan/Cooperative_Robotics/build/aruco_pose_publisher' returned '2': CMAKE_PREFIX_PATH=${CMAKE_PREFIX_PATH}:/opt/ros/humble VIRTUAL_ENV_PROMPT=(.xps-py) /usr/bin/cmake --build /home/ryan/Cooperative_Robotics/build/aruco_pose_publisher -- -j16 -l16
[10.199s] Level 1:colcon.colcon_core.environment:create_environment_scripts_only(aruco_pose_publisher)
[10.204s] Level 1:colcon.colcon_core.environment:checking '/home/ryan/Cooperative_Robotics/install/aruco_pose_publisher' for CMake module files
[10.205s] Level 1:colcon.colcon_core.environment:checking '/home/ryan/Cooperative_Robotics/install/aruco_pose_publisher' for CMake config files
[10.205s] Level 1:colcon.colcon_core.environment:checking '/home/ryan/Cooperative_Robotics/install/aruco_pose_publisher/bin'
[10.206s] Level 1:colcon.colcon_core.environment:checking '/home/ryan/Cooperative_Robotics/install/aruco_pose_publisher/lib/pkgconfig/aruco_pose_publisher.pc'
[10.206s] Level 1:colcon.colcon_core.environment:checking '/home/ryan/Cooperative_Robotics/install/aruco_pose_publisher/lib/python3.10/site-packages'
[10.207s] Level 1:colcon.colcon_core.environment:checking '/home/ryan/Cooperative_Robotics/install/aruco_pose_publisher/bin'
[10.207s] INFO:colcon.colcon_core.shell:Creating package script '/home/ryan/Cooperative_Robotics/install/aruco_pose_publisher/share/aruco_pose_publisher/package.ps1'
[10.209s] INFO:colcon.colcon_core.shell:Creating package descriptor '/home/ryan/Cooperative_Robotics/install/aruco_pose_publisher/share/aruco_pose_publisher/package.dsv'
[10.210s] INFO:colcon.colcon_core.shell:Creating package script '/home/ryan/Cooperative_Robotics/install/aruco_pose_publisher/share/aruco_pose_publisher/package.sh'
[10.211s] INFO:colcon.colcon_core.shell:Creating package script '/home/ryan/Cooperative_Robotics/install/aruco_pose_publisher/share/aruco_pose_publisher/package.bash'
[10.212s] INFO:colcon.colcon_core.shell:Creating package script '/home/ryan/Cooperative_Robotics/install/aruco_pose_publisher/share/aruco_pose_publisher/package.zsh'
[10.213s] Level 1:colcon.colcon_core.environment:create_file_with_runtime_dependencies(/home/ryan/Cooperative_Robotics/install/aruco_pose_publisher/share/colcon-core/packages/aruco_pose_publisher)
[10.224s] DEBUG:colcon.colcon_parallel_executor.executor.parallel:closing loop
[10.224s] DEBUG:colcon.colcon_parallel_executor.executor.parallel:loop closed
[10.224s] DEBUG:colcon.colcon_parallel_executor.executor.parallel:run_until_complete finished with '2'
[10.224s] DEBUG:colcon.colcon_core.event_reactor:joining thread
[10.237s] INFO:colcon.colcon_core.plugin_system:Skipping extension 'colcon_notification.desktop_notification.terminal_notifier': Not used on non-Darwin systems
[10.237s] INFO:colcon.colcon_core.plugin_system:Skipping extension 'colcon_notification.desktop_notification.win32': Not used on non-Windows systems
[10.237s] INFO:colcon.colcon_notification.desktop_notification:Sending desktop notification using 'notify2'
[10.260s] DEBUG:colcon.colcon_core.event_reactor:joined thread
[10.260s] INFO:colcon.colcon_core.shell:Creating prefix script '/home/ryan/Cooperative_Robotics/install/local_setup.ps1'
[10.262s] INFO:colcon.colcon_core.shell:Creating prefix util module '/home/ryan/Cooperative_Robotics/install/_local_setup_util_ps1.py'
[10.264s] INFO:colcon.colcon_core.shell:Creating prefix chain script '/home/ryan/Cooperative_Robotics/install/setup.ps1'
[10.266s] INFO:colcon.colcon_core.shell:Creating prefix script '/home/ryan/Cooperative_Robotics/install/local_setup.sh'
[10.267s] INFO:colcon.colcon_core.shell:Creating prefix util module '/home/ryan/Cooperative_Robotics/install/_local_setup_util_sh.py'
[10.268s] INFO:colcon.colcon_core.shell:Creating prefix chain script '/home/ryan/Cooperative_Robotics/install/setup.sh'
[10.272s] INFO:colcon.colcon_core.shell:Creating prefix script '/home/ryan/Cooperative_Robotics/install/local_setup.bash'
[10.274s] INFO:colcon.colcon_core.shell:Creating prefix chain script '/home/ryan/Cooperative_Robotics/install/setup.bash'
[10.276s] INFO:colcon.colcon_core.shell:Creating prefix script '/home/ryan/Cooperative_Robotics/install/local_setup.zsh'
[10.278s] INFO:colcon.colcon_core.shell:Creating prefix chain script '/home/ryan/Cooperative_Robotics/install/setup.zsh'
