[0.188s] DEBUG:colcon:Command line arguments: ['/usr/bin/colcon', 'build', '--packages-select', 'aruco_pose_publisher', '--cmake-args', '-DCMAKE_BUILD_TYPE=Release']
[0.188s] DEBUG:colcon:Parsed command line arguments: Namespace(log_base=None, log_level=None, verb_name='build', build_base='build', install_base='install', merge_install=False, symlink_install=False, test_result_base=None, continue_on_error=False, executor='parallel', parallel_workers=16, event_handlers=None, ignore_user_meta=False, metas=['./colcon.meta'], base_paths=['.'], packages_ignore=None, packages_ignore_regex=None, paths=None, packages_up_to=None, packages_up_to_regex=None, packages_above=None, packages_above_and_dependencies=None, packages_above_depth=None, packages_select_by_dep=None, packages_skip_by_dep=None, packages_skip_up_to=None, packages_select_build_failed=False, packages_skip_build_finished=False, packages_select_test_failures=False, packages_skip_test_passed=False, packages_select=['aruco_pose_publisher'], packages_skip=None, packages_select_regex=None, packages_skip_regex=None, packages_start=None, packages_end=None, allow_overriding=[], cmake_args=['-DCMAKE_BUILD_TYPE=Release'], cmake_target=None, cmake_target_skip_unavailable=False, cmake_clean_cache=False, cmake_clean_first=False, cmake_force_configure=False, ament_cmake_args=None, catkin_cmake_args=None, catkin_skip_building_tests=False, verb_parser=<colcon_defaults.argument_parser.defaults.DefaultArgumentsDecorator object at 0x7e5a1d2e4a60>, verb_extension=<colcon_core.verb.build.BuildVerb object at 0x7e5a1d2e4460>, main=<bound method BuildVerb.main of <colcon_core.verb.build.BuildVerb object at 0x7e5a1d2e4460>>)
[0.476s] Level 1:colcon.colcon_core.package_discovery:discover_packages(colcon_meta) check parameters
[0.477s] Level 1:colcon.colcon_core.package_discovery:discover_packages(recursive) check parameters
[0.477s] Level 1:colcon.colcon_core.package_discovery:discover_packages(ignore) check parameters
[0.477s] Level 1:colcon.colcon_core.package_discovery:discover_packages(path) check parameters
[0.477s] Level 1:colcon.colcon_core.package_discovery:discover_packages(colcon_meta) discover
[0.477s] Level 1:colcon.colcon_core.package_discovery:discover_packages(recursive) discover
[0.477s] INFO:colcon.colcon_core.package_discovery:Crawling recursively for packages in '/home/ryan/Cooperative_Robotics'
[0.477s] Level 1:colcon.colcon_core.package_identification:_identify(.) by extensions ['ignore', 'ignore_ament_install']
[0.477s] Level 1:colcon.colcon_core.package_identification:_identify(.) by extension 'ignore'
[0.477s] Level 1:colcon.colcon_core.package_identification:_identify(.) by extension 'ignore_ament_install'
[0.477s] Level 1:colcon.colcon_core.package_identification:_identify(.) by extensions ['colcon_pkg']
[0.477s] Level 1:colcon.colcon_core.package_identification:_identify(.) by extension 'colcon_pkg'
[0.478s] Level 1:colcon.colcon_core.package_identification:_identify(.) by extensions ['colcon_meta']
[0.478s] Level 1:colcon.colcon_core.package_identification:_identify(.) by extension 'colcon_meta'
[0.478s] Level 1:colcon.colcon_core.package_identification:_identify(.) by extensions ['ros']
[0.478s] Level 1:colcon.colcon_core.package_identification:_identify(.) by extension 'ros'
[0.496s] Level 1:colcon.colcon_core.package_identification:_identify(.) by extensions ['cmake', 'python']
[0.496s] Level 1:colcon.colcon_core.package_identification:_identify(.) by extension 'cmake'
[0.497s] Level 1:colcon.colcon_core.package_identification:_identify(.) by extension 'python'
[0.497s] Level 1:colcon.colcon_core.package_identification:_identify(.) by extensions ['python_setup_py']
[0.497s] Level 1:colcon.colcon_core.package_identification:_identify(.) by extension 'python_setup_py'
[0.497s] Level 1:colcon.colcon_core.package_identification:_identify(build) by extensions ['ignore', 'ignore_ament_install']
[0.497s] Level 1:colcon.colcon_core.package_identification:_identify(build) by extension 'ignore'
[0.497s] Level 1:colcon.colcon_core.package_identification:_identify(build) ignored
[0.497s] Level 1:colcon.colcon_core.package_identification:_identify(install) by extensions ['ignore', 'ignore_ament_install']
[0.497s] Level 1:colcon.colcon_core.package_identification:_identify(install) by extension 'ignore'
[0.497s] Level 1:colcon.colcon_core.package_identification:_identify(install) ignored
[0.498s] Level 1:colcon.colcon_core.package_identification:_identify(log) by extensions ['ignore', 'ignore_ament_install']
[0.498s] Level 1:colcon.colcon_core.package_identification:_identify(log) by extension 'ignore'
[0.498s] Level 1:colcon.colcon_core.package_identification:_identify(log) ignored
[0.498s] Level 1:colcon.colcon_core.package_identification:_identify(src) by extensions ['ignore', 'ignore_ament_install']
[0.498s] Level 1:colcon.colcon_core.package_identification:_identify(src) by extension 'ignore'
[0.498s] Level 1:colcon.colcon_core.package_identification:_identify(src) by extension 'ignore_ament_install'
[0.498s] Level 1:colcon.colcon_core.package_identification:_identify(src) by extensions ['colcon_pkg']
[0.498s] Level 1:colcon.colcon_core.package_identification:_identify(src) by extension 'colcon_pkg'
[0.498s] Level 1:colcon.colcon_core.package_identification:_identify(src) by extensions ['colcon_meta']
[0.498s] Level 1:colcon.colcon_core.package_identification:_identify(src) by extension 'colcon_meta'
[0.498s] Level 1:colcon.colcon_core.package_identification:_identify(src) by extensions ['ros']
[0.498s] Level 1:colcon.colcon_core.package_identification:_identify(src) by extension 'ros'
[0.498s] Level 1:colcon.colcon_core.package_identification:_identify(src) by extensions ['cmake', 'python']
[0.499s] Level 1:colcon.colcon_core.package_identification:_identify(src) by extension 'cmake'
[0.499s] Level 1:colcon.colcon_core.package_identification:_identify(src) by extension 'python'
[0.499s] Level 1:colcon.colcon_core.package_identification:_identify(src) by extensions ['python_setup_py']
[0.499s] Level 1:colcon.colcon_core.package_identification:_identify(src) by extension 'python_setup_py'
[0.499s] Level 1:colcon.colcon_core.package_identification:_identify(src/aruco_pose_publisher) by extensions ['ignore', 'ignore_ament_install']
[0.499s] Level 1:colcon.colcon_core.package_identification:_identify(src/aruco_pose_publisher) by extension 'ignore'
[0.499s] Level 1:colcon.colcon_core.package_identification:_identify(src/aruco_pose_publisher) by extension 'ignore_ament_install'
[0.499s] Level 1:colcon.colcon_core.package_identification:_identify(src/aruco_pose_publisher) by extensions ['colcon_pkg']
[0.499s] Level 1:colcon.colcon_core.package_identification:_identify(src/aruco_pose_publisher) by extension 'colcon_pkg'
[0.499s] Level 1:colcon.colcon_core.package_identification:_identify(src/aruco_pose_publisher) by extensions ['colcon_meta']
[0.499s] Level 1:colcon.colcon_core.package_identification:_identify(src/aruco_pose_publisher) by extension 'colcon_meta'
[0.499s] Level 1:colcon.colcon_core.package_identification:_identify(src/aruco_pose_publisher) by extensions ['ros']
[0.499s] Level 1:colcon.colcon_core.package_identification:_identify(src/aruco_pose_publisher) by extension 'ros'
[0.504s] DEBUG:colcon.colcon_core.package_identification:Package 'src/aruco_pose_publisher' with type 'ros.ament_cmake' and name 'aruco_pose_publisher'
[0.504s] Level 1:colcon.colcon_core.package_identification:_identify(src/aruco_tracking) by extensions ['ignore', 'ignore_ament_install']
[0.504s] Level 1:colcon.colcon_core.package_identification:_identify(src/aruco_tracking) by extension 'ignore'
[0.504s] Level 1:colcon.colcon_core.package_identification:_identify(src/aruco_tracking) by extension 'ignore_ament_install'
[0.504s] Level 1:colcon.colcon_core.package_identification:_identify(src/aruco_tracking) by extensions ['colcon_pkg']
[0.504s] Level 1:colcon.colcon_core.package_identification:_identify(src/aruco_tracking) by extension 'colcon_pkg'
[0.504s] Level 1:colcon.colcon_core.package_identification:_identify(src/aruco_tracking) by extensions ['colcon_meta']
[0.504s] Level 1:colcon.colcon_core.package_identification:_identify(src/aruco_tracking) by extension 'colcon_meta'
[0.505s] Level 1:colcon.colcon_core.package_identification:_identify(src/aruco_tracking) by extensions ['ros']
[0.505s] Level 1:colcon.colcon_core.package_identification:_identify(src/aruco_tracking) by extension 'ros'
[0.505s] DEBUG:colcon.colcon_core.package_identification:Package 'src/aruco_tracking' with type 'ros.ament_python' and name 'aruco_tracking'
[0.506s] Level 1:colcon.colcon_core.package_discovery:discover_packages(recursive) using defaults
[0.506s] Level 1:colcon.colcon_core.package_discovery:discover_packages(ignore) discover
[0.506s] Level 1:colcon.colcon_core.package_discovery:discover_packages(ignore) using defaults
[0.506s] Level 1:colcon.colcon_core.package_discovery:discover_packages(path) discover
[0.506s] Level 1:colcon.colcon_core.package_discovery:discover_packages(path) using defaults
[0.566s] INFO:colcon.colcon_core.package_selection:Skipping not selected package 'aruco_tracking' in 'src/aruco_tracking'
[0.568s] Level 1:colcon.colcon_core.package_discovery:discover_packages(prefix_path) check parameters
[0.568s] Level 1:colcon.colcon_core.package_discovery:discover_packages(prefix_path) discover
[0.571s] WARNING:colcon.colcon_ros.prefix_path.ament:The path '/external_packages/px4_msgs/px4_msgs' in the environment variable AMENT_PREFIX_PATH doesn't contain any 'local_setup.*' files.
[0.573s] DEBUG:colcon.colcon_installed_package_information.package_discovery:Found 1 installed packages in /opt/ros2-csi-msgs/install
[0.576s] DEBUG:colcon.colcon_installed_package_information.package_discovery:Found 320 installed packages in /opt/ros/humble
[0.579s] Level 1:colcon.colcon_core.package_discovery:discover_packages(prefix_path) using defaults
[0.659s] Level 5:colcon.colcon_core.verb:set package 'aruco_pose_publisher' build argument 'cmake_args' from command line to '['-DCMAKE_BUILD_TYPE=Release']'
[0.659s] Level 5:colcon.colcon_core.verb:set package 'aruco_pose_publisher' build argument 'cmake_target' from command line to 'None'
[0.659s] Level 5:colcon.colcon_core.verb:set package 'aruco_pose_publisher' build argument 'cmake_target_skip_unavailable' from command line to 'False'
[0.659s] Level 5:colcon.colcon_core.verb:set package 'aruco_pose_publisher' build argument 'cmake_clean_cache' from command line to 'False'
[0.660s] Level 5:colcon.colcon_core.verb:set package 'aruco_pose_publisher' build argument 'cmake_clean_first' from command line to 'False'
[0.660s] Level 5:colcon.colcon_core.verb:set package 'aruco_pose_publisher' build argument 'cmake_force_configure' from command line to 'False'
[0.660s] Level 5:colcon.colcon_core.verb:set package 'aruco_pose_publisher' build argument 'ament_cmake_args' from command line to 'None'
[0.660s] Level 5:colcon.colcon_core.verb:set package 'aruco_pose_publisher' build argument 'catkin_cmake_args' from command line to 'None'
[0.660s] Level 5:colcon.colcon_core.verb:set package 'aruco_pose_publisher' build argument 'catkin_skip_building_tests' from command line to 'False'
[0.660s] DEBUG:colcon.colcon_core.verb:Building package 'aruco_pose_publisher' with the following arguments: {'ament_cmake_args': None, 'build_base': '/home/ryan/Cooperative_Robotics/build/aruco_pose_publisher', 'catkin_cmake_args': None, 'catkin_skip_building_tests': False, 'cmake_args': ['-DCMAKE_BUILD_TYPE=Release'], 'cmake_clean_cache': False, 'cmake_clean_first': False, 'cmake_force_configure': False, 'cmake_target': None, 'cmake_target_skip_unavailable': False, 'install_base': '/home/ryan/Cooperative_Robotics/install/aruco_pose_publisher', 'merge_install': False, 'path': '/home/ryan/Cooperative_Robotics/src/aruco_pose_publisher', 'symlink_install': False, 'test_result_base': None}
[0.660s] INFO:colcon.colcon_core.executor:Executing jobs using 'parallel' executor
[0.662s] DEBUG:colcon.colcon_parallel_executor.executor.parallel:run_until_complete
[0.662s] INFO:colcon.colcon_ros.task.ament_cmake.build:Building ROS package in '/home/ryan/Cooperative_Robotics/src/aruco_pose_publisher' with build type 'ament_cmake'
[0.663s] INFO:colcon.colcon_cmake.task.cmake.build:Building CMake package in '/home/ryan/Cooperative_Robotics/src/aruco_pose_publisher'
[0.667s] INFO:colcon.colcon_core.plugin_system:Skipping extension 'colcon_core.shell.bat': Not used on non-Windows systems
[0.668s] INFO:colcon.colcon_core.shell:Skip shell extension 'powershell' for command environment: Not usable outside of PowerShell
[0.668s] DEBUG:colcon.colcon_core.shell:Skip shell extension 'dsv' for command environment
[0.670s] DEBUG:colcon.colcon_core.shell:Ignoring prefix path '/external_packages/px4_msgs'
[0.691s] DEBUG:colcon.colcon_core.event_handler.log_command:Invoking command in '/home/ryan/Cooperative_Robotics/build/aruco_pose_publisher': CMAKE_PREFIX_PATH=${CMAKE_PREFIX_PATH}:/opt/ros/humble VIRTUAL_ENV_PROMPT=(.xps-py) /usr/bin/cmake --build /home/ryan/Cooperative_Robotics/build/aruco_pose_publisher -- -j16 -l16
[16.168s] DEBUG:colcon.colcon_core.event_handler.log_command:Invoked command in '/home/ryan/Cooperative_Robotics/build/aruco_pose_publisher' returned '0': CMAKE_PREFIX_PATH=${CMAKE_PREFIX_PATH}:/opt/ros/humble VIRTUAL_ENV_PROMPT=(.xps-py) /usr/bin/cmake --build /home/ryan/Cooperative_Robotics/build/aruco_pose_publisher -- -j16 -l16
[16.185s] DEBUG:colcon.colcon_core.event_handler.log_command:Invoking command in '/home/ryan/Cooperative_Robotics/build/aruco_pose_publisher': CMAKE_PREFIX_PATH=${CMAKE_PREFIX_PATH}:/opt/ros/humble VIRTUAL_ENV_PROMPT=(.xps-py) /usr/bin/cmake --install /home/ryan/Cooperative_Robotics/build/aruco_pose_publisher
[16.202s] Level 1:colcon.colcon_core.environment:create_environment_scripts_only(aruco_pose_publisher)
[16.202s] DEBUG:colcon.colcon_core.event_handler.log_command:Invoked command in '/home/ryan/Cooperative_Robotics/build/aruco_pose_publisher' returned '0': CMAKE_PREFIX_PATH=${CMAKE_PREFIX_PATH}:/opt/ros/humble VIRTUAL_ENV_PROMPT=(.xps-py) /usr/bin/cmake --install /home/ryan/Cooperative_Robotics/build/aruco_pose_publisher
[16.206s] Level 1:colcon.colcon_core.environment:checking '/home/ryan/Cooperative_Robotics/install/aruco_pose_publisher' for CMake module files
[16.207s] Level 1:colcon.colcon_core.environment:checking '/home/ryan/Cooperative_Robotics/install/aruco_pose_publisher' for CMake config files
[16.207s] Level 1:colcon.colcon_core.shell:create_environment_hook('aruco_pose_publisher', 'cmake_prefix_path')
[16.208s] INFO:colcon.colcon_core.shell:Creating environment hook '/home/ryan/Cooperative_Robotics/install/aruco_pose_publisher/share/aruco_pose_publisher/hook/cmake_prefix_path.ps1'
[16.209s] INFO:colcon.colcon_core.shell:Creating environment descriptor '/home/ryan/Cooperative_Robotics/install/aruco_pose_publisher/share/aruco_pose_publisher/hook/cmake_prefix_path.dsv'
[16.210s] INFO:colcon.colcon_core.shell:Creating environment hook '/home/ryan/Cooperative_Robotics/install/aruco_pose_publisher/share/aruco_pose_publisher/hook/cmake_prefix_path.sh'
[16.211s] Level 1:colcon.colcon_core.environment:checking '/home/ryan/Cooperative_Robotics/install/aruco_pose_publisher/lib'
[16.211s] Level 1:colcon.colcon_core.environment:checking '/home/ryan/Cooperative_Robotics/install/aruco_pose_publisher/bin'
[16.211s] Level 1:colcon.colcon_core.environment:checking '/home/ryan/Cooperative_Robotics/install/aruco_pose_publisher/lib/pkgconfig/aruco_pose_publisher.pc'
[16.212s] Level 1:colcon.colcon_core.environment:checking '/home/ryan/Cooperative_Robotics/install/aruco_pose_publisher/lib/python3.10/site-packages'
[16.212s] Level 1:colcon.colcon_core.environment:checking '/home/ryan/Cooperative_Robotics/install/aruco_pose_publisher/bin'
[16.213s] INFO:colcon.colcon_core.shell:Creating package script '/home/ryan/Cooperative_Robotics/install/aruco_pose_publisher/share/aruco_pose_publisher/package.ps1'
[16.214s] INFO:colcon.colcon_core.shell:Creating package descriptor '/home/ryan/Cooperative_Robotics/install/aruco_pose_publisher/share/aruco_pose_publisher/package.dsv'
[16.215s] INFO:colcon.colcon_core.shell:Creating package script '/home/ryan/Cooperative_Robotics/install/aruco_pose_publisher/share/aruco_pose_publisher/package.sh'
[16.216s] INFO:colcon.colcon_core.shell:Creating package script '/home/ryan/Cooperative_Robotics/install/aruco_pose_publisher/share/aruco_pose_publisher/package.bash'
[16.217s] INFO:colcon.colcon_core.shell:Creating package script '/home/ryan/Cooperative_Robotics/install/aruco_pose_publisher/share/aruco_pose_publisher/package.zsh'
[16.218s] Level 1:colcon.colcon_core.environment:create_file_with_runtime_dependencies(/home/ryan/Cooperative_Robotics/install/aruco_pose_publisher/share/colcon-core/packages/aruco_pose_publisher)
[16.219s] Level 1:colcon.colcon_core.environment:create_environment_scripts_only(aruco_pose_publisher)
[16.219s] Level 1:colcon.colcon_core.environment:checking '/home/ryan/Cooperative_Robotics/install/aruco_pose_publisher' for CMake module files
[16.219s] Level 1:colcon.colcon_core.environment:checking '/home/ryan/Cooperative_Robotics/install/aruco_pose_publisher' for CMake config files
[16.220s] Level 1:colcon.colcon_core.shell:create_environment_hook('aruco_pose_publisher', 'cmake_prefix_path')
[16.220s] INFO:colcon.colcon_core.shell:Creating environment hook '/home/ryan/Cooperative_Robotics/install/aruco_pose_publisher/share/aruco_pose_publisher/hook/cmake_prefix_path.ps1'
[16.221s] INFO:colcon.colcon_core.shell:Creating environment descriptor '/home/ryan/Cooperative_Robotics/install/aruco_pose_publisher/share/aruco_pose_publisher/hook/cmake_prefix_path.dsv'
[16.221s] INFO:colcon.colcon_core.shell:Creating environment hook '/home/ryan/Cooperative_Robotics/install/aruco_pose_publisher/share/aruco_pose_publisher/hook/cmake_prefix_path.sh'
[16.222s] Level 1:colcon.colcon_core.environment:checking '/home/ryan/Cooperative_Robotics/install/aruco_pose_publisher/lib'
[16.222s] Level 1:colcon.colcon_core.environment:checking '/home/ryan/Cooperative_Robotics/install/aruco_pose_publisher/bin'
[16.222s] Level 1:colcon.colcon_core.environment:checking '/home/ryan/Cooperative_Robotics/install/aruco_pose_publisher/lib/pkgconfig/aruco_pose_publisher.pc'
[16.222s] Level 1:colcon.colcon_core.environment:checking '/home/ryan/Cooperative_Robotics/install/aruco_pose_publisher/lib/python3.10/site-packages'
[16.223s] Level 1:colcon.colcon_core.environment:checking '/home/ryan/Cooperative_Robotics/install/aruco_pose_publisher/bin'
[16.223s] INFO:colcon.colcon_core.shell:Creating package script '/home/ryan/Cooperative_Robotics/install/aruco_pose_publisher/share/aruco_pose_publisher/package.ps1'
[16.224s] INFO:colcon.colcon_core.shell:Creating package descriptor '/home/ryan/Cooperative_Robotics/install/aruco_pose_publisher/share/aruco_pose_publisher/package.dsv'
[16.224s] INFO:colcon.colcon_core.shell:Creating package script '/home/ryan/Cooperative_Robotics/install/aruco_pose_publisher/share/aruco_pose_publisher/package.sh'
[16.225s] INFO:colcon.colcon_core.shell:Creating package script '/home/ryan/Cooperative_Robotics/install/aruco_pose_publisher/share/aruco_pose_publisher/package.bash'
[16.225s] INFO:colcon.colcon_core.shell:Creating package script '/home/ryan/Cooperative_Robotics/install/aruco_pose_publisher/share/aruco_pose_publisher/package.zsh'
[16.226s] Level 1:colcon.colcon_core.environment:create_file_with_runtime_dependencies(/home/ryan/Cooperative_Robotics/install/aruco_pose_publisher/share/colcon-core/packages/aruco_pose_publisher)
[16.226s] DEBUG:colcon.colcon_parallel_executor.executor.parallel:closing loop
[16.227s] DEBUG:colcon.colcon_parallel_executor.executor.parallel:loop closed
[16.227s] DEBUG:colcon.colcon_parallel_executor.executor.parallel:run_until_complete finished with '0'
[16.227s] DEBUG:colcon.colcon_core.event_reactor:joining thread
[16.235s] INFO:colcon.colcon_core.plugin_system:Skipping extension 'colcon_notification.desktop_notification.terminal_notifier': Not used on non-Darwin systems
[16.235s] INFO:colcon.colcon_core.plugin_system:Skipping extension 'colcon_notification.desktop_notification.win32': Not used on non-Windows systems
[16.235s] INFO:colcon.colcon_notification.desktop_notification:Sending desktop notification using 'notify2'
[16.257s] DEBUG:colcon.colcon_core.event_reactor:joined thread
[16.257s] INFO:colcon.colcon_core.shell:Creating prefix script '/home/ryan/Cooperative_Robotics/install/local_setup.ps1'
[16.259s] INFO:colcon.colcon_core.shell:Creating prefix util module '/home/ryan/Cooperative_Robotics/install/_local_setup_util_ps1.py'
[16.261s] INFO:colcon.colcon_core.shell:Creating prefix chain script '/home/ryan/Cooperative_Robotics/install/setup.ps1'
[16.262s] INFO:colcon.colcon_core.shell:Creating prefix script '/home/ryan/Cooperative_Robotics/install/local_setup.sh'
[16.263s] INFO:colcon.colcon_core.shell:Creating prefix util module '/home/ryan/Cooperative_Robotics/install/_local_setup_util_sh.py'
[16.264s] INFO:colcon.colcon_core.shell:Creating prefix chain script '/home/ryan/Cooperative_Robotics/install/setup.sh'
[16.266s] INFO:colcon.colcon_core.shell:Creating prefix script '/home/ryan/Cooperative_Robotics/install/local_setup.bash'
[16.267s] INFO:colcon.colcon_core.shell:Creating prefix chain script '/home/ryan/Cooperative_Robotics/install/setup.bash'
[16.269s] INFO:colcon.colcon_core.shell:Creating prefix script '/home/ryan/Cooperative_Robotics/install/local_setup.zsh'
[16.270s] INFO:colcon.colcon_core.shell:Creating prefix chain script '/home/ryan/Cooperative_Robotics/install/setup.zsh'
